[35m[Appium][39m Welcome to Appium v1.22.3
[35m[Appium][39m Non-default server args:
[35m[Appium][39m   port: 56248
[35m[Appium][39m   loglevel: info
[35m[Appium][39m   tmpDir: C:\Users\2076908\AppData\Local\Temp\1\\Katalon\Appium\Temp1672209888785
[35m[Appium][39m   chromedriverPort: 56249
[35m[Appium][39m Deprecated server args:
[35m[Appium][39m   [31m--chromedriver-port[39m => --default-capabilities
[35m[Appium][39m Default capabilities, which will be added to each request unless overridden by desired capabilities:
[35m[Appium][39m   chromedriverPort: 56249
[35m[Appium][39m Appium REST http interface listener started on 0.0.0.0:56248
[35m[HTTP][39m [37m-->[39m [37mGET[39m [37m/wd/hub/status[39m
[35m[HTTP][39m [90m{}[39m
[35m[HTTP][39m [37m<-- GET /wd/hub/status [39m[32m200[39m [90m4 ms - 68[39m
[35m[HTTP][39m [90m[39m
[35m[HTTP][39m [37m-->[39m [37mGET[39m [37m/wd/hub/status[39m
[35m[HTTP][39m [90m{}[39m
[35m[HTTP][39m [37m<-- GET /wd/hub/status [39m[32m200[39m [90m3 ms - 68[39m
[35m[HTTP][39m [90m[39m
[35m[HTTP][39m [37m-->[39m [37mPOST[39m [37m/wd/hub/session[39m
[35m[HTTP][39m [90m{"desiredCapabilities":{"app":"C:\\Users\\2076908\\Downloads\\app-release (7).apk","noReset":true,"deviceName":"samsung SM-A515F (Android 11)","fullReset":false,"platform":"ANDROID","newCommandTimeout":1800,"platformVersion":"11","automationName":"uiautomator2","autoGrantPermissions":true,"platformName":"Android","udid":"RZ8R1294NAY","systemPort":56260},"capabilities":{"firstMatch":[{"appium:app":"C:\\Users\\2076908\\Downloads\\app-release (7).apk","appium:autoGrantPermissions":true,"appium:automationName":"uiautomator2","appium:deviceName":"samsung SM-A515F (Android 11)","appium:fullReset":false,"appium:newCommandTimeout":1800,"appium:noReset":true,"platform":"ANDROID","platformName":"android","appium:platformVersion":"11","appium:systemPort":56260,"appium:udid":"RZ8R1294NAY"}]}}[39m
[35m[BaseDriver][39m The following capabilities are not standard capabilities and should have an extension prefix:
[35m[BaseDriver][39m   platform
[35m[BaseDriver][39m   chromedriverPort
[35m[Appium][39m Appium v1.22.3 creating new AndroidUiautomator2Driver (v1.70.1) session
[35m[BaseDriver][39m The following capabilities were provided, but are not recognized by Appium:
[35m[BaseDriver][39m   platform
[35m[BaseDriver][39m Session created with session id: e6212340-23ac-4731-ad64-b39fc2decd6e
[35m[BaseDriver][39m Using local app 'C:\Users\2076908\Downloads\app-release (7).apk'
[35m[ADB][39m Found 1 'build-tools' folders under 'C:\Users\2076908\.katalon\tools\android_sdk' (newest first):
[35m[ADB][39m     C:/Users/2076908/.katalon/tools/android_sdk/build-tools/29.0.3
[35m[ADB][39m Using 'adb.exe' from 'C:\Users\2076908\.katalon\tools\android_sdk\platform-tools\adb.exe'
[35m[AndroidDriver][39m Retrieving device list
[35m[AndroidDriver][39m Using device: RZ8R1294NAY
[35m[ADB][39m Using 'adb.exe' from 'C:\Users\2076908\.katalon\tools\android_sdk\platform-tools\adb.exe'
[35m[ADB][39m Getting device platform version
[35m[UiAutomator2][39m Relaxing hidden api policy
[35m[ADB][39m Package name: 'com.pentair.pentairhome'
[35m[ADB][39m Main activity name: 'com.pentair.pentairhome.MainActivity'
[35m[ADB][39m The application at 'C:\Users\2076908\AppData\Roaming\npm\node_modules\appium\node_modules\io.appium.settings\apks\settings_apk-debug.apk' will not be cached, because the device under test has confirmed the support of streamed installs
[35m[ADB][39m The installation of 'settings_apk-debug.apk' took 1792ms
[35m[ADB][39m Using 'apksigner.jar' from 'C:\Users\2076908\.katalon\tools\android_sdk\build-tools\29.0.3\lib\apksigner.jar'
[35m[ADB][39m 'C:\Users\2076908\AppData\Roaming\npm\node_modules\appium\node_modules\appium-uiautomator2-server\apks\appium-uiautomator2-server-v4.27.0.apk' is signed with the default certificate
[35m[ADB][39m 'C:\Users\2076908\AppData\Roaming\npm\node_modules\appium\node_modules\appium-uiautomator2-server\apks\appium-uiautomator2-server-debug-androidTest.apk' is signed with the default certificate
[35m[UiAutomator2][39m Server packages are going to be (re)installed
[35m[UiAutomator2][39m Full packages reinstall is going to be performed
[35m[ADB][39m io.appium.uiautomator2.server was successfully uninstalled
[35m[ADB][39m The application at 'C:\Users\2076908\AppData\Roaming\npm\node_modules\appium\node_modules\appium-uiautomator2-server\apks\appium-uiautomator2-server-v4.27.0.apk' will not be cached, because the device under test has confirmed the support of streamed installs
[35m[ADB][39m The installation of 'appium-uiautomator2-server-v4.27.0.apk' took 2614ms
[35m[ADB][39m io.appium.uiautomator2.server.test was successfully uninstalled
[35m[ADB][39m The application at 'C:\Users\2076908\AppData\Roaming\npm\node_modules\appium\node_modules\appium-uiautomator2-server\apks\appium-uiautomator2-server-debug-androidTest.apk' will not be cached, because the device under test has confirmed the support of streamed installs
[35m[ADB][39m The installation of 'appium-uiautomator2-server-debug-androidTest.apk' took 1755ms
[35m[ADB][39m Adding packages ["io.appium.settings","io.appium.uiautomator2.server","io.appium.uiautomator2.server.test"] to Doze whitelist
[35m[ADB][39m 'C:\Users\2076908\Downloads\app-release (7).apk' is signed with a non-default certificate
[35m[UiAutomator2][39m Starting UIAutomator2 server 4.27.0
[35m[UiAutomator2][39m Using UIAutomator2 server from 'C:\Users\2076908\AppData\Roaming\npm\node_modules\appium\node_modules\appium-uiautomator2-server\apks\appium-uiautomator2-server-v4.27.0.apk' and test from 'C:\Users\2076908\AppData\Roaming\npm\node_modules\appium\node_modules\appium-uiautomator2-server\apks\appium-uiautomator2-server-debug-androidTest.apk'
[35m[UiAutomator2][39m Waiting up to 30000ms for UiAutomator2 to be online...
[35m[WD Proxy][39m socket hang up
[35m[WD Proxy][39m socket hang up
[35m[WD Proxy][39m socket hang up
[35m[WD Proxy][39m Determined the downstream protocol as 'W3C'
[35m[AndroidDriver][39m Screen already unlocked, doing nothing
[35m[UiAutomator2][39m Starting 'com.pentair.pentairhome/com.pentair.pentairhome.MainActivity and waiting for 'com.pentair.pentairhome/com.pentair.pentairhome.MainActivity'
[35m[Appium][39m New AndroidUiautomator2Driver session created successfully, session e6212340-23ac-4731-ad64-b39fc2decd6e added to master session list
[35m[HTTP][39m [37m<-- POST /wd/hub/session [39m[32m200[39m [90m28198 ms - 1259[39m
[35m[HTTP][39m [90m[39m
[35m[HTTP][39m [37m-->[39m [37mGET[39m [37m/wd/hub/session/e6212340-23ac-4731-ad64-b39fc2decd6e[39m
[35m[HTTP][39m [90m{}[39m
[35m[HTTP][39m [37m<-- GET /wd/hub/session/e6212340-23ac-4731-ad64-b39fc2decd6e [39m[32m200[39m [90m13 ms - 1213[39m
[35m[HTTP][39m [90m[39m
[35m[HTTP][39m [37m-->[39m [37mGET[39m [37m/wd/hub/session/e6212340-23ac-4731-ad64-b39fc2decd6e[39m
[35m[HTTP][39m [90m{}[39m
[35m[HTTP][39m [37m<-- GET /wd/hub/session/e6212340-23ac-4731-ad64-b39fc2decd6e [39m[32m200[39m [90m14 ms - 1213[39m
[35m[HTTP][39m [90m[39m
[35m[HTTP][39m [37m-->[39m [37mGET[39m [37m/wd/hub/status[39m
[35m[HTTP][39m [90m{}[39m
[35m[HTTP][39m [37m<-- GET /wd/hub/status [39m[32m200[39m [90m1 ms - 68[39m
[35m[HTTP][39m [90m[39m
[35m[HTTP][39m [37m-->[39m [37mPOST[39m [37m/wd/hub/session/e6212340-23ac-4731-ad64-b39fc2decd6e/timeouts[39m
[35m[HTTP][39m [90m{"implicit":60000}[39m
[35m[HTTP][39m [37m<-- POST /wd/hub/session/e6212340-23ac-4731-ad64-b39fc2decd6e/timeouts [39m[32m200[39m [90m3 ms - 14[39m
[35m[HTTP][39m [90m[39m
[35m[HTTP][39m [37m-->[39m [37mGET[39m [37m/wd/hub/session/e6212340-23ac-4731-ad64-b39fc2decd6e/source[39m
[35m[HTTP][39m [90m{}[39m
[35m[W3C (e6212340)][39m Driver proxy active, passing request on via HTTP proxy
[35m[WD Proxy][39m Replacing sessionId a2ae00ca-bacc-4666-a3fe-a9da3cbe3be8 with e6212340-23ac-4731-ad64-b39fc2decd6e
[35m[HTTP][39m [37m<-- GET /wd/hub/session/e6212340-23ac-4731-ad64-b39fc2decd6e/source [39m[32m200[39m [90m94 ms - 2762[39m
[35m[HTTP][39m [90m[39m
[35m[HTTP][39m [37m-->[39m [37mGET[39m [37m/wd/hub/session/e6212340-23ac-4731-ad64-b39fc2decd6e/screenshot[39m
[35m[HTTP][39m [90m{}[39m
[35m[HTTP][39m [37m<-- GET /wd/hub/session/e6212340-23ac-4731-ad64-b39fc2decd6e/screenshot [39m[32m200[39m [90m624 ms - 43266[39m
[35m[HTTP][39m [90m[39m
[35m[HTTP][39m [37m-->[39m [37mGET[39m [37m/wd/hub/session/e6212340-23ac-4731-ad64-b39fc2decd6e/source[39m
[35m[HTTP][39m [90m{}[39m
[35m[W3C (e6212340)][39m Driver proxy active, passing request on via HTTP proxy
[35m[WD Proxy][39m Replacing sessionId a2ae00ca-bacc-4666-a3fe-a9da3cbe3be8 with e6212340-23ac-4731-ad64-b39fc2decd6e
[35m[HTTP][39m [37m<-- GET /wd/hub/session/e6212340-23ac-4731-ad64-b39fc2decd6e/source [39m[32m200[39m [90m153 ms - 9080[39m
[35m[HTTP][39m [90m[39m
[35m[HTTP][39m [37m-->[39m [37mGET[39m [37m/wd/hub/session/e6212340-23ac-4731-ad64-b39fc2decd6e/screenshot[39m
[35m[HTTP][39m [90m{}[39m
[35m[HTTP][39m [37m<-- GET /wd/hub/session/e6212340-23ac-4731-ad64-b39fc2decd6e/screenshot [39m[32m200[39m [90m676 ms - 132358[39m
[35m[HTTP][39m [90m[39m
[35m[HTTP][39m [37m-->[39m [37mGET[39m [37m/wd/hub/session/e6212340-23ac-4731-ad64-b39fc2decd6e/source[39m
[35m[HTTP][39m [90m{}[39m
[35m[W3C (e6212340)][39m Driver proxy active, passing request on via HTTP proxy
[35m[WD Proxy][39m Replacing sessionId a2ae00ca-bacc-4666-a3fe-a9da3cbe3be8 with e6212340-23ac-4731-ad64-b39fc2decd6e
[35m[HTTP][39m [37m<-- GET /wd/hub/session/e6212340-23ac-4731-ad64-b39fc2decd6e/source [39m[32m200[39m [90m459 ms - 35548[39m
[35m[HTTP][39m [90m[39m
[35m[HTTP][39m [37m-->[39m [37mGET[39m [37m/wd/hub/session/e6212340-23ac-4731-ad64-b39fc2decd6e/screenshot[39m
[35m[HTTP][39m [90m{}[39m
[35m[HTTP][39m [37m<-- GET /wd/hub/session/e6212340-23ac-4731-ad64-b39fc2decd6e/screenshot [39m[32m200[39m [90m653 ms - 154448[39m
[35m[HTTP][39m [90m[39m
[35m[HTTP][39m [37m-->[39m [37mPOST[39m [37m/wd/hub/session/e6212340-23ac-4731-ad64-b39fc2decd6e/elements[39m
[35m[HTTP][39m [90m{"using":"xpath","value":"//*[@class = 'android.widget.TextView' and (@text = 'CC250A2' or . = 'CC250A2')]"}[39m
[35m[HTTP][39m [37m<-- POST /wd/hub/session/e6212340-23ac-4731-ad64-b39fc2decd6e/elements [39m[32m200[39m [90m843 ms - 139[39m
[35m[HTTP][39m [90m[39m
[35m[HTTP][39m [37m-->[39m [37mGET[39m [37m/wd/hub/session/e6212340-23ac-4731-ad64-b39fc2decd6e/window/rect[39m
[35m[HTTP][39m [90m{}[39m
[35m[HTTP][39m [37m<-- GET /wd/hub/session/e6212340-23ac-4731-ad64-b39fc2decd6e/window/rect [39m[32m200[39m [90m18 ms - 50[39m
[35m[HTTP][39m [90m[39m
[35m[HTTP][39m [37m-->[39m [37mPOST[39m [37m/wd/hub/session/e6212340-23ac-4731-ad64-b39fc2decd6e/elements[39m
[35m[HTTP][39m [90m{"using":"xpath","value":"//*[@class = 'android.widget.TextView' and (@text = 'CC250A2' or . = 'CC250A2')]"}[39m
[35m[HTTP][39m [37m<-- POST /wd/hub/session/e6212340-23ac-4731-ad64-b39fc2decd6e/elements [39m[32m200[39m [90m350 ms - 139[39m
[35m[HTTP][39m [90m[39m
[35m[HTTP][39m [37m-->[39m [37mGET[39m [37m/wd/hub/session/e6212340-23ac-4731-ad64-b39fc2decd6e/element/00000000-0000-04fc-ffff-ffff00000080/location[39m
[35m[HTTP][39m [90m{}[39m
[35m[W3C (e6212340)][39m Driver proxy active, passing request on via HTTP proxy
[35m[WD Proxy][39m Replacing sessionId a2ae00ca-bacc-4666-a3fe-a9da3cbe3be8 with e6212340-23ac-4731-ad64-b39fc2decd6e
[35m[HTTP][39m [37m<-- GET /wd/hub/session/e6212340-23ac-4731-ad64-b39fc2decd6e/element/00000000-0000-04fc-ffff-ffff00000080/location [39m[32m200[39m [90m21 ms - 78[39m
[35m[HTTP][39m [90m[39m
[35m[HTTP][39m [37m-->[39m [37mPOST[39m [37m/wd/hub/session/e6212340-23ac-4731-ad64-b39fc2decd6e/touch/perform[39m
[35m[HTTP][39m [90m{"actions":[{"action":"tap","options":{"x":1,"y":1,"element":"00000000-0000-04fc-ffff-ffff00000080"}}]}[39m
[35m[UiAutomator2][39m calling get location: 00000000-0000-04fc-ffff-ffff00000080
[35m[HTTP][39m [37m<-- POST /wd/hub/session/e6212340-23ac-4731-ad64-b39fc2decd6e/touch/perform [39m[32m200[39m [90m218 ms - 14[39m
[35m[HTTP][39m [90m[39m
[35m[HTTP][39m [37m-->[39m [37mGET[39m [37m/wd/hub/session/e6212340-23ac-4731-ad64-b39fc2decd6e/source[39m
[35m[HTTP][39m [90m{}[39m
[35m[W3C (e6212340)][39m Driver proxy active, passing request on via HTTP proxy
[35m[WD Proxy][39m Replacing sessionId a2ae00ca-bacc-4666-a3fe-a9da3cbe3be8 with e6212340-23ac-4731-ad64-b39fc2decd6e
[35m[HTTP][39m [37m<-- GET /wd/hub/session/e6212340-23ac-4731-ad64-b39fc2decd6e/source [39m[32m200[39m [90m590 ms - 41998[39m
[35m[HTTP][39m [90m[39m
[35m[HTTP][39m [37m-->[39m [37mGET[39m [37m/wd/hub/session/e6212340-23ac-4731-ad64-b39fc2decd6e/screenshot[39m
[35m[HTTP][39m [90m{}[39m
[35m[HTTP][39m [37m<-- GET /wd/hub/session/e6212340-23ac-4731-ad64-b39fc2decd6e/screenshot [39m[32m200[39m [90m575 ms - 90498[39m
[35m[HTTP][39m [90m[39m
[35m[HTTP][39m [37m-->[39m [37mGET[39m [37m/wd/hub/session/e6212340-23ac-4731-ad64-b39fc2decd6e/source[39m
[35m[HTTP][39m [90m{}[39m
[35m[W3C (e6212340)][39m Driver proxy active, passing request on via HTTP proxy
[35m[WD Proxy][39m Replacing sessionId a2ae00ca-bacc-4666-a3fe-a9da3cbe3be8 with e6212340-23ac-4731-ad64-b39fc2decd6e
[35m[HTTP][39m [37m<-- GET /wd/hub/session/e6212340-23ac-4731-ad64-b39fc2decd6e/source [39m[32m200[39m [90m438 ms - 50497[39m
[35m[HTTP][39m [90m[39m
[35m[HTTP][39m [37m-->[39m [37mGET[39m [37m/wd/hub/session/e6212340-23ac-4731-ad64-b39fc2decd6e/screenshot[39m
[35m[HTTP][39m [90m{}[39m
[35m[HTTP][39m [37m<-- GET /wd/hub/session/e6212340-23ac-4731-ad64-b39fc2decd6e/screenshot [39m[32m200[39m [90m714 ms - 295710[39m
[35m[HTTP][39m [90m[39m
[35m[HTTP][39m [37m-->[39m [37mDELETE[39m [37m/wd/hub/session/e6212340-23ac-4731-ad64-b39fc2decd6e[39m
[35m[HTTP][39m [90m{}[39m
[35m[Appium][39m Removing session e6212340-23ac-4731-ad64-b39fc2decd6e from our master session list
[35m[UiAutomator2][39m Restoring hidden api policy to the device default configuration
[35m[HTTP][39m [37m<-- DELETE /wd/hub/session/e6212340-23ac-4731-ad64-b39fc2decd6e [39m[32m200[39m [90m813 ms - 14[39m
[35m[HTTP][39m [90m[39m
